<?xml version="1.0" encoding="UTF-8"?>
<!-- Generated by org.testng.reporters.JUnitReportReporter -->
<testsuite hostname="DESKTOP-UCNIV3S" failures="0" tests="1" name="Test.ProjectLoginTest" time="23.311" errors="0" timestamp="2023-07-17T21:01:29 IST" skipped="0">
  <testcase classname="Test.ProjectLoginTest" name="verifylogin" time="23.311"/>
  <system-out/>
</testsuite> <!-- Test.ProjectLoginTest -->
