<?xml version="1.0" encoding="UTF-8"?>
<!-- Generated by org.testng.reporters.JUnitReportReporter -->
<testsuite hostname="DESKTOP-UCNIV3S" failures="0" tests="1" name="Test.ProjectSignupTest" time="35.625" errors="0" timestamp="2023-07-27T02:50:40 IST" skipped="0">
  <testcase classname="Test.ProjectSignupTest" name="VerifySignup" time="35.625"/>
  <system-out/>
</testsuite> <!-- Test.ProjectSignupTest -->
