<?xml version="1.0" encoding="UTF-8"?>
<!-- Generated by org.testng.reporters.JUnitReportReporter -->
<testsuite hostname="DESKTOP-UCNIV3S" failures="0" tests="2" name="Test.ProjectProductTest" time="46.667" errors="0" timestamp="2023-07-17T21:28:27 IST" skipped="0">
  <testcase classname="Test.ProjectProductTest" name="verifylogin" time="21.892"/>
  <system-out/>
  <testcase classname="Test.ProjectProductTest" name="VerifyLogin" time="24.775"/>
  <system-out/>
</testsuite> <!-- Test.ProjectProductTest -->
