<?xml version="1.0" encoding="UTF-8"?>
<!-- Generated by org.testng.reporters.JUnitReportReporter -->
<testsuite hostname="DESKTOP-UCNIV3S" failures="0" tests="3" name="Test.ProjectCartTest" time="57.497" errors="0" timestamp="2023-07-18T20:47:53 IST" skipped="0">
  <testcase classname="Test.ProjectCartTest" name="verifylogin" time="12.917"/>
  <system-out/>
  <testcase classname="Test.ProjectCartTest" name="VerifyProduct" time="22.277"/>
  <system-out/>
  <testcase classname="Test.ProjectCartTest" name="VerifyCart" time="22.303"/>
  <system-out/>
</testsuite> <!-- Test.ProjectCartTest -->
